Build started 2014/5/7 4:56:09.
     1>Project "C:\Users\Administrator\Documents\Visual Studio 2010\Projects\VFracturer_mayaV1.7\VFracturer_maya\VFracturer_maya\VFracturer\VFracturer.vcxproj" on node 2 (rebuild target(s)).
     1>_PrepareForClean:
         Deleting file "x64\Debug\VFracturer.lastbuildstate".
       InitializeBuildStatus:
         Touching "x64\Debug\VFracturer.unsuccessfulbuild".
       ClCompile:
         c:\Program Files (x86)\Microsoft Visual Studio 10.0\VC\bin\x86_amd64\CL.exe /c /I..\..\include /I"C:\local\cgal-4.3\auxiliary\gmp\include" /I"C:\local\cgal-4.3\build\include" /I"C:\local\cgal-4.3\include" /IC:\local\boost_1_55_0 /I..\voro /I"C:\Program Files\Autodesk\Maya2012\include" /Zi /nologo /W3 /WX- /Od /D _DEBUG /D WIN32 /D _WINDOWS /D NT_PLUGIN /D REQUIRE_IOSTREAM /D _WINDLL /D _MBCS /Gm /EHsc /RTC1 /MDd /GS /fp:precise /Zc:wchar_t /Zc:forScope /Fo"x64\Debug\\" /Fd"x64\Debug\vc100.pdb" /Gd /TP /errorReport:prompt VFracturerNode.cpp PluginMain.cpp SceneGraph.cpp VClipper.cpp VOperations.cpp /GR /GS /EHac /bigobj 
     1>cl : Command line warning D9025: overriding '/EHs' with '/EHa'
         VOperations.cpp
     1>c:\users\administrator\documents\visual studio 2010\projects\vfracturer_mayav1.7\vfracturer_maya\vfracturer_maya\glm\./core/func_common.hpp : warning C4819: The file contains a character that cannot be represented in the current code page (936). Save the file in Unicode format to prevent data loss
     1>c:\users\administrator\documents\visual studio 2010\projects\vfracturer_mayav1.7\vfracturer_maya\vfracturer_maya\glm\core\func_common.inl : warning C4819: The file contains a character that cannot be represented in the current code page (936). Save the file in Unicode format to prevent data loss
     1>c:\users\administrator\documents\visual studio 2010\projects\vfracturer_mayav1.7\vfracturer_maya\vfracturer_maya\glm\./core/func_integer.hpp : warning C4819: The file contains a character that cannot be represented in the current code page (936). Save the file in Unicode format to prevent data loss
     1>c:\users\administrator\documents\visual studio 2010\projects\vfracturer_mayav1.7\vfracturer_maya\vfracturer_maya\vfracturer\Mesh.h(48): warning C4267: 'return' : conversion from 'size_t' to 'int', possible loss of data
     1>c:\users\administrator\documents\visual studio 2010\projects\vfracturer_mayav1.7\vfracturer_maya\vfracturer_maya\vfracturer\Mesh.h(52): warning C4267: 'return' : conversion from 'size_t' to 'int', possible loss of data
     1>c:\users\administrator\documents\visual studio 2010\projects\vfracturer_mayav1.7\vfracturer_maya\vfracturer_maya\vfracturer\Mesh.h(81): warning C4267: 'initializing' : conversion from 'size_t' to 'int', possible loss of data
     1>c:\users\administrator\documents\visual studio 2010\projects\vfracturer_mayav1.7\vfracturer_maya\vfracturer_maya\vfracturer\VConverter.h(56): warning C4244: 'argument' : conversion from 'double' to 'float', possible loss of data
     1>c:\users\administrator\documents\visual studio 2010\projects\vfracturer_mayav1.7\vfracturer_maya\vfracturer_maya\vfracturer\VConverter.h(56): warning C4244: 'argument' : conversion from 'double' to 'float', possible loss of data
     1>c:\users\administrator\documents\visual studio 2010\projects\vfracturer_mayav1.7\vfracturer_maya\vfracturer_maya\vfracturer\VConverter.h(56): warning C4244: 'argument' : conversion from 'double' to 'float', possible loss of data
     1>c:\users\administrator\documents\visual studio 2010\projects\vfracturer_mayav1.7\vfracturer_maya\vfracturer_maya\vfracturer\VConverter.h(69): warning C4244: '=' : conversion from '__int64' to 'int', possible loss of data
     1>c:\users\administrator\documents\visual studio 2010\projects\vfracturer_mayav1.7\vfracturer_maya\vfracturer_maya\vfracturer\VConverter.h(86): warning C4018: '<' : signed/unsigned mismatch
     1>c:\users\administrator\documents\visual studio 2010\projects\vfracturer_mayav1.7\vfracturer_maya\vfracturer_maya\vfracturer\VConverter.h(89): warning C4244: 'argument' : conversion from 'double' to 'float', possible loss of data
     1>c:\users\administrator\documents\visual studio 2010\projects\vfracturer_mayav1.7\vfracturer_maya\vfracturer_maya\vfracturer\VConverter.h(89): warning C4244: 'argument' : conversion from 'double' to 'float', possible loss of data
     1>c:\users\administrator\documents\visual studio 2010\projects\vfracturer_mayav1.7\vfracturer_maya\vfracturer_maya\vfracturer\VConverter.h(89): warning C4244: 'argument' : conversion from 'double' to 'float', possible loss of data
     1>c:\users\administrator\documents\visual studio 2010\projects\vfracturer_mayav1.7\vfracturer_maya\vfracturer_maya\vfracturer\VConverter.h(101): warning C4018: '<' : signed/unsigned mismatch
     1>c:\users\administrator\documents\visual studio 2010\projects\vfracturer_mayav1.7\vfracturer_maya\vfracturer_maya\vfracturer\VConverter.h(93): warning C4101: 'index' : unreferenced local variable
     1>c:\users\administrator\documents\visual studio 2010\projects\vfracturer_mayav1.7\vfracturer_maya\vfracturer_maya\voro\common.hh(53): warning C4996: 'fopen': This function or variable may be unsafe. Consider using fopen_s instead. To disable deprecation, use _CRT_SECURE_NO_WARNINGS. See online help for details.
                 c:\Program Files (x86)\Microsoft Visual Studio 10.0\VC\include\stdio.h(234) : see declaration of 'fopen'
     1>c:\users\administrator\documents\visual studio 2010\projects\vfracturer_mayav1.7\vfracturer_maya\vfracturer_maya\voro\pre_container.hh(61): warning C4244: 'return' : conversion from '__int64' to 'int', possible loss of data
     1>VOperations.cpp(166): warning C4244: 'argument' : conversion from 'double' to 'float', possible loss of data
     1>VOperations.cpp(166): warning C4244: 'argument' : conversion from 'double' to 'float', possible loss of data
     1>VOperations.cpp(166): warning C4244: 'argument' : conversion from 'double' to 'float', possible loss of data
     1>VOperations.cpp(257): warning C4244: 'argument' : conversion from 'double' to 'float', possible loss of data
     1>VOperations.cpp(257): warning C4244: 'argument' : conversion from 'double' to 'float', possible loss of data
     1>VOperations.cpp(257): warning C4244: 'argument' : conversion from 'double' to 'float', possible loss of data
     1>VOperations.cpp(454): warning C4244: 'argument' : conversion from 'double' to 'float', possible loss of data
     1>VOperations.cpp(454): warning C4244: 'argument' : conversion from 'double' to 'float', possible loss of data
     1>VOperations.cpp(454): warning C4244: 'argument' : conversion from 'double' to 'float', possible loss of data
     1>VOperations.cpp(313): warning C4101: 'impactZ' : unreferenced local variable
     1>VOperations.cpp(313): warning C4101: 'impactX' : unreferenced local variable
     1>VOperations.cpp(307): warning C4101: 'impactID' : unreferenced local variable
     1>VOperations.cpp(313): warning C4101: 'impactY' : unreferenced local variable
     1>VOperations.cpp(498): warning C4244: '=' : conversion from 'double' to 'float', possible loss of data
     1>VOperations.cpp(499): warning C4244: '=' : conversion from 'double' to 'float', possible loss of data
     1>VOperations.cpp(501): warning C4244: '=' : conversion from 'double' to 'float', possible loss of data
     1>VOperations.cpp(502): warning C4244: '=' : conversion from 'double' to 'float', possible loss of data
     1>VOperations.cpp(504): warning C4244: '=' : conversion from 'double' to 'float', possible loss of data
     1>VOperations.cpp(505): warning C4244: '=' : conversion from 'double' to 'float', possible loss of data
     1>C:\local\cgal-4.3\include\CGAL/Nef_3/SNC_point_locator.h(316): warning C4996: 'strcpy': This function or variable may be unsafe. Consider using strcpy_s instead. To disable deprecation, use _CRT_SECURE_NO_WARNINGS. See online help for details.
                 c:\Program Files (x86)\Microsoft Visual Studio 10.0\VC\include\string.h(105) : see declaration of 'strcpy'
                 C:\local\cgal-4.3\include\CGAL/Nef_3/SNC_point_locator.h(310) : while compiling class template member function 'void CGAL::SNC_point_locator_by_spatial_subdivision<SNC_decorator>::initialize(CGAL::SNC_structure<Kernel_,Items_,Mark_> *)'
                 with
                 [
                     SNC_decorator=CGAL::SNC_decorator<CGAL::SNC_structure<K,CGAL::Default_items<K>::Items,bool>>,
                     Kernel_=K,
                     Items_=CGAL::Default_items<K>::Items,
                     Mark_=bool
                 ]
                 C:\local\cgal-4.3\include\CGAL/Nef_polyhedron_3.h(1348) : see reference to class template instantiation 'CGAL::SNC_point_locator_by_spatial_subdivision<SNC_decorator>' being compiled
                 with
                 [
                     SNC_decorator=CGAL::SNC_decorator<CGAL::SNC_structure<K,CGAL::Default_items<K>::Items,bool>>
                 ]
                 C:\local\cgal-4.3\include\CGAL/Nef_polyhedron_3.h(1344) : while compiling class template member function 'CGAL::Nef_polyhedron_3<Kernel_> CGAL::Nef_polyhedron_3<Kernel_>::intersection(const CGAL::Nef_polyhedron_3<Kernel_> &) const'
                 with
                 [
                     Kernel_=K
                 ]
                 VOperations.cpp(33) : see reference to class template instantiation 'CGAL::Nef_polyhedron_3<Kernel_>' being compiled
                 with
                 [
                     Kernel_=K
                 ]
     1>c:\Program Files (x86)\Microsoft Visual Studio 10.0\VC\include\algorithm(1119): warning C4996: 'std::_Transform1': Function call with parameters that may be unsafe - this call relies on the caller to check that the passed values are correct. To disable this warning, use -D_SCL_SECURE_NO_WARNINGS. See documentation on how to use Visual C++ 'Checked Iterators'
                 c:\Program Files (x86)\Microsoft Visual Studio 10.0\VC\include\algorithm(1100) : see declaration of 'std::_Transform1'
                 VOperations.cpp(63) : see reference to function template instantiation '_OutIt std::transform<CGAL::Iterator_project<I,Fct>,CGAL::Iterator_project<I,Fct>,CGAL::Aff_transformation_3<R_>>(_InIt,_InIt,_OutIt,_Fn1)' being compiled
                 with
                 [
                     _OutIt=CGAL::Iterator_project<CGAL::internal::In_place_list_iterator<CGAL::HalfedgeDS_in_place_list_vertex<CGAL::I_Polyhedron_vertex<CGAL::HalfedgeDS_vertex_base<CGAL::HalfedgeDS_list_types<CGAL::Cartesian<RT>,CGAL::I_Polyhedron_derived_items_3<CGAL::Polyhedron_items_3>,std::allocator<int>>,CGAL::Tag_true,CGAL::Point_3<CGAL::Cartesian<RT>>>>>,std::allocator<CGAL::HalfedgeDS_in_place_list_vertex<CGAL::I_Polyhedron_vertex<CGAL::HalfedgeDS_vertex_base<CGAL::HalfedgeDS_list_types<CGAL::Cartesian<RT>,CGAL::I_Polyhedron_derived_items_3<CGAL::Polyhedron_items_3>,std::allocator<int>>,CGAL::Tag_true,CGAL::Point_3<CGAL::Cartesian<RT>>>>>>>,CGAL::Project_point<CGAL::HalfedgeDS_in_place_list_vertex<CGAL::I_Polyhedron_vertex<CGAL::HalfedgeDS_vertex_base<CGAL::HalfedgeDS_list_types<CGAL::Cartesian<RT>,CGAL::I_Polyhedron_derived_items_3<CGAL::Polyhedron_items_3>,std::allocator<int>>,CGAL::Tag_true,CGAL::Point_3<CGAL::Cartesian<RT>>>>>>>,
                     I=CGAL::internal::In_place_list_iterator<CGAL::HalfedgeDS_in_place_list_vertex<CGAL::I_Polyhedron_vertex<CGAL::HalfedgeDS_vertex_base<CGAL::HalfedgeDS_list_types<CGAL::Cartesian<RT>,CGAL::I_Polyhedron_derived_items_3<CGAL::Polyhedron_items_3>,std::allocator<int>>,CGAL::Tag_true,CGAL::Point_3<CGAL::Cartesian<RT>>>>>,std::allocator<CGAL::HalfedgeDS_in_place_list_vertex<CGAL::I_Polyhedron_vertex<CGAL::HalfedgeDS_vertex_base<CGAL::HalfedgeDS_list_types<CGAL::Cartesian<RT>,CGAL::I_Polyhedron_derived_items_3<CGAL::Polyhedron_items_3>,std::allocator<int>>,CGAL::Tag_true,CGAL::Point_3<CGAL::Cartesian<RT>>>>>>>,
                     Fct=CGAL::Project_point<CGAL::HalfedgeDS_in_place_list_vertex<CGAL::I_Polyhedron_vertex<CGAL::HalfedgeDS_vertex_base<CGAL::HalfedgeDS_list_types<CGAL::Cartesian<RT>,CGAL::I_Polyhedron_derived_items_3<CGAL::Polyhedron_items_3>,std::allocator<int>>,CGAL::Tag_true,CGAL::Point_3<CGAL::Cartesian<RT>>>>>>,
                     R_=CGAL::Cartesian<RT>,
                     _InIt=CGAL::Iterator_project<CGAL::internal::In_place_list_iterator<CGAL::HalfedgeDS_in_place_list_vertex<CGAL::I_Polyhedron_vertex<CGAL::HalfedgeDS_vertex_base<CGAL::HalfedgeDS_list_types<CGAL::Cartesian<RT>,CGAL::I_Polyhedron_derived_items_3<CGAL::Polyhedron_items_3>,std::allocator<int>>,CGAL::Tag_true,CGAL::Point_3<CGAL::Cartesian<RT>>>>>,std::allocator<CGAL::HalfedgeDS_in_place_list_vertex<CGAL::I_Polyhedron_vertex<CGAL::HalfedgeDS_vertex_base<CGAL::HalfedgeDS_list_types<CGAL::Cartesian<RT>,CGAL::I_Polyhedron_derived_items_3<CGAL::Polyhedron_items_3>,std::allocator<int>>,CGAL::Tag_true,CGAL::Point_3<CGAL::Cartesian<RT>>>>>>>,CGAL::Project_point<CGAL::HalfedgeDS_in_place_list_vertex<CGAL::I_Polyhedron_vertex<CGAL::HalfedgeDS_vertex_base<CGAL::HalfedgeDS_list_types<CGAL::Cartesian<RT>,CGAL::I_Polyhedron_derived_items_3<CGAL::Polyhedron_items_3>,std::allocator<int>>,CGAL::Tag_true,CGAL::Point_3<CGAL::Cartesian<RT>>>>>>>,
                     _Fn1=CGAL::Aff_transformation_3<CGAL::Cartesian<RT>>
                 ]
     1>c:\Program Files (x86)\Microsoft Visual Studio 10.0\VC\include\algorithm(1119): warning C4996: 'std::_Transform1': Function call with parameters that may be unsafe - this call relies on the caller to check that the passed values are correct. To disable this warning, use -D_SCL_SECURE_NO_WARNINGS. See documentation on how to use Visual C++ 'Checked Iterators'
                 c:\Program Files (x86)\Microsoft Visual Studio 10.0\VC\include\algorithm(1100) : see declaration of 'std::_Transform1'
                 C:\local\cgal-4.3\include\CGAL/Nef_3/polyhedron_3_to_nef_3.h(199) : see reference to function template instantiation '_OutIt std::transform<CGAL::internal::In_place_list_iterator<T,Alloc>,CGAL::Iterator_project<I,Fct>,CGAL::Facet_plane_3>(_InIt,_InIt,_OutIt,_Fn1)' being compiled
                 with
                 [
                     _OutIt=CGAL::Iterator_project<CGAL::internal::In_place_list_iterator<CGAL::HalfedgeDS_in_place_list_face<CGAL::I_Polyhedron_facet<CGAL::HalfedgeDS_face_base<CGAL::HalfedgeDS_list_types<CGAL::Cartesian<RT>,CGAL::I_Polyhedron_derived_items_3<CGAL::Polyhedron_items_3>,std::allocator<int>>,CGAL::Tag_true,CGAL::Plane_3<CGAL::Cartesian<RT>>>>>,std::allocator<CGAL::HalfedgeDS_in_place_list_face<CGAL::I_Polyhedron_facet<CGAL::HalfedgeDS_face_base<CGAL::HalfedgeDS_list_types<CGAL::Cartesian<RT>,CGAL::I_Polyhedron_derived_items_3<CGAL::Polyhedron_items_3>,std::allocator<int>>,CGAL::Tag_true,CGAL::Plane_3<CGAL::Cartesian<RT>>>>>>>,CGAL::Project_plane<CGAL::HalfedgeDS_in_place_list_face<CGAL::I_Polyhedron_facet<CGAL::HalfedgeDS_face_base<CGAL::HalfedgeDS_list_types<CGAL::Cartesian<RT>,CGAL::I_Polyhedron_derived_items_3<CGAL::Polyhedron_items_3>,std::allocator<int>>,CGAL::Tag_true,CGAL::Plane_3<CGAL::Cartesian<RT>>>>>>>,
                     T=CGAL::HalfedgeDS_in_place_list_face<CGAL::I_Polyhedron_facet<CGAL::HalfedgeDS_face_base<CGAL::HalfedgeDS_list_types<CGAL::Cartesian<RT>,CGAL::I_Polyhedron_derived_items_3<CGAL::Polyhedron_items_3>,std::allocator<int>>,CGAL::Tag_true,CGAL::Plane_3<CGAL::Cartesian<RT>>>>>,
                     Alloc=std::allocator<CGAL::HalfedgeDS_in_place_list_face<CGAL::I_Polyhedron_facet<CGAL::HalfedgeDS_face_base<CGAL::HalfedgeDS_list_types<CGAL::Cartesian<RT>,CGAL::I_Polyhedron_derived_items_3<CGAL::Polyhedron_items_3>,std::allocator<int>>,CGAL::Tag_true,CGAL::Plane_3<CGAL::Cartesian<RT>>>>>>,
                     I=CGAL::internal::In_place_list_iterator<CGAL::HalfedgeDS_in_place_list_face<CGAL::I_Polyhedron_facet<CGAL::HalfedgeDS_face_base<CGAL::HalfedgeDS_list_types<CGAL::Cartesian<RT>,CGAL::I_Polyhedron_derived_items_3<CGAL::Polyhedron_items_3>,std::allocator<int>>,CGAL::Tag_true,CGAL::Plane_3<CGAL::Cartesian<RT>>>>>,std::allocator<CGAL::HalfedgeDS_in_place_list_face<CGAL::I_Polyhedron_facet<CGAL::HalfedgeDS_face_base<CGAL::HalfedgeDS_list_types<CGAL::Cartesian<RT>,CGAL::I_Polyhedron_derived_items_3<CGAL::Polyhedron_items_3>,std::allocator<int>>,CGAL::Tag_true,CGAL::Plane_3<CGAL::Cartesian<RT>>>>>>>,
                     Fct=CGAL::Project_plane<CGAL::HalfedgeDS_in_place_list_face<CGAL::I_Polyhedron_facet<CGAL::HalfedgeDS_face_base<CGAL::HalfedgeDS_list_types<CGAL::Cartesian<RT>,CGAL::I_Polyhedron_derived_items_3<CGAL::Polyhedron_items_3>,std::allocator<int>>,CGAL::Tag_true,CGAL::Plane_3<CGAL::Cartesian<RT>>>>>>,
                     _InIt=CGAL::internal::In_place_list_iterator<CGAL::HalfedgeDS_in_place_list_face<CGAL::I_Polyhedron_facet<CGAL::HalfedgeDS_face_base<CGAL::HalfedgeDS_list_types<CGAL::Cartesian<RT>,CGAL::I_Polyhedron_derived_items_3<CGAL::Polyhedron_items_3>,std::allocator<int>>,CGAL::Tag_true,CGAL::Plane_3<CGAL::Cartesian<RT>>>>>,std::allocator<CGAL::HalfedgeDS_in_place_list_face<CGAL::I_Polyhedron_facet<CGAL::HalfedgeDS_face_base<CGAL::HalfedgeDS_list_types<CGAL::Cartesian<RT>,CGAL::I_Polyhedron_derived_items_3<CGAL::Polyhedron_items_3>,std::allocator<int>>,CGAL::Tag_true,CGAL::Plane_3<CGAL::Cartesian<RT>>>>>>>,
                     _Fn1=CGAL::Facet_plane_3
                 ]
                 C:\local\cgal-4.3\include\CGAL/Nef_polyhedron_3.h(567) : see reference to function template instantiation 'void CGAL::polyhedron_3_to_nef_3<CGAL::Polyhedron_3<PolyhedronTraits_3>,CGAL::SNC_structure<Kernel_,Items_,Mark_>>(Polyhedron_ &,SNC_structure &)' being compiled
                 with
                 [
                     PolyhedronTraits_3=K,
                     Kernel_=K,
                     Items_=CGAL::Default_items<K>::Items,
                     Mark_=bool,
                     Polyhedron_=CGAL::Polyhedron_3<K>,
                     SNC_structure=CGAL::SNC_structure<K,CGAL::Default_items<K>::Items,bool>
                 ]
                 VOperations.cpp(33) : see reference to function template instantiation 'CGAL::Nef_polyhedron_3<Kernel_>::Nef_polyhedron_3<K,CGAL::Polyhedron_items_3,CGAL::HalfedgeDS_default,std::allocator<_Ty>>(CGAL::Polyhedron_3<PolyhedronTraits_3> &)' being compiled
                 with
                 [
                     Kernel_=K,
                     _Ty=int,
                     PolyhedronTraits_3=K
                 ]
         VClipper.cpp
     1>c:\users\administrator\documents\visual studio 2010\projects\vfracturer_mayav1.7\vfracturer_maya\vfracturer_maya\glm\./core/func_common.hpp : warning C4819: The file contains a character that cannot be represented in the current code page (936). Save the file in Unicode format to prevent data loss
     1>c:\users\administrator\documents\visual studio 2010\projects\vfracturer_mayav1.7\vfracturer_maya\vfracturer_maya\glm\core\func_common.inl : warning C4819: The file contains a character that cannot be represented in the current code page (936). Save the file in Unicode format to prevent data loss
     1>c:\users\administrator\documents\visual studio 2010\projects\vfracturer_mayav1.7\vfracturer_maya\vfracturer_maya\glm\./core/func_integer.hpp : warning C4819: The file contains a character that cannot be represented in the current code page (936). Save the file in Unicode format to prevent data loss
     1>c:\users\administrator\documents\visual studio 2010\projects\vfracturer_mayav1.7\vfracturer_maya\vfracturer_maya\vfracturer\Mesh.h(48): warning C4267: 'return' : conversion from 'size_t' to 'int', possible loss of data
     1>c:\users\administrator\documents\visual studio 2010\projects\vfracturer_mayav1.7\vfracturer_maya\vfracturer_maya\vfracturer\Mesh.h(52): warning C4267: 'return' : conversion from 'size_t' to 'int', possible loss of data
     1>c:\users\administrator\documents\visual studio 2010\projects\vfracturer_mayav1.7\vfracturer_maya\vfracturer_maya\vfracturer\Mesh.h(81): warning C4267: 'initializing' : conversion from 'size_t' to 'int', possible loss of data
     1>c:\users\administrator\documents\visual studio 2010\projects\vfracturer_mayav1.7\vfracturer_maya\vfracturer_maya\vfracturer\VConverter.h(56): warning C4244: 'argument' : conversion from 'double' to 'float', possible loss of data
     1>c:\users\administrator\documents\visual studio 2010\projects\vfracturer_mayav1.7\vfracturer_maya\vfracturer_maya\vfracturer\VConverter.h(56): warning C4244: 'argument' : conversion from 'double' to 'float', possible loss of data
     1>c:\users\administrator\documents\visual studio 2010\projects\vfracturer_mayav1.7\vfracturer_maya\vfracturer_maya\vfracturer\VConverter.h(56): warning C4244: 'argument' : conversion from 'double' to 'float', possible loss of data
     1>c:\users\administrator\documents\visual studio 2010\projects\vfracturer_mayav1.7\vfracturer_maya\vfracturer_maya\vfracturer\VConverter.h(69): warning C4244: '=' : conversion from '__int64' to 'int', possible loss of data
     1>c:\users\administrator\documents\visual studio 2010\projects\vfracturer_mayav1.7\vfracturer_maya\vfracturer_maya\vfracturer\VConverter.h(86): warning C4018: '<' : signed/unsigned mismatch
     1>c:\users\administrator\documents\visual studio 2010\projects\vfracturer_mayav1.7\vfracturer_maya\vfracturer_maya\vfracturer\VConverter.h(89): warning C4244: 'argument' : conversion from 'double' to 'float', possible loss of data
     1>c:\users\administrator\documents\visual studio 2010\projects\vfracturer_mayav1.7\vfracturer_maya\vfracturer_maya\vfracturer\VConverter.h(89): warning C4244: 'argument' : conversion from 'double' to 'float', possible loss of data
     1>c:\users\administrator\documents\visual studio 2010\projects\vfracturer_mayav1.7\vfracturer_maya\vfracturer_maya\vfracturer\VConverter.h(89): warning C4244: 'argument' : conversion from 'double' to 'float', possible loss of data
     1>c:\users\administrator\documents\visual studio 2010\projects\vfracturer_mayav1.7\vfracturer_maya\vfracturer_maya\vfracturer\VConverter.h(101): warning C4018: '<' : signed/unsigned mismatch
     1>c:\users\administrator\documents\visual studio 2010\projects\vfracturer_mayav1.7\vfracturer_maya\vfracturer_maya\vfracturer\VConverter.h(93): warning C4101: 'index' : unreferenced local variable
     1>C:\local\cgal-4.3\include\CGAL/Nef_3/SNC_point_locator.h(316): warning C4996: 'strcpy': This function or variable may be unsafe. Consider using strcpy_s instead. To disable deprecation, use _CRT_SECURE_NO_WARNINGS. See online help for details.
                 c:\Program Files (x86)\Microsoft Visual Studio 10.0\VC\include\string.h(105) : see declaration of 'strcpy'
                 C:\local\cgal-4.3\include\CGAL/Nef_3/SNC_point_locator.h(310) : while compiling class template member function 'void CGAL::SNC_point_locator_by_spatial_subdivision<SNC_decorator>::initialize(CGAL::SNC_structure<Kernel_,Items_,Mark_> *)'
                 with
                 [
                     SNC_decorator=CGAL::SNC_decorator<CGAL::SNC_structure<K,CGAL::Default_items<K>::Items,bool>>,
                     Kernel_=K,
                     Items_=CGAL::Default_items<K>::Items,
                     Mark_=bool
                 ]
                 C:\local\cgal-4.3\include\CGAL/Nef_polyhedron_3.h(1348) : see reference to class template instantiation 'CGAL::SNC_point_locator_by_spatial_subdivision<SNC_decorator>' being compiled
                 with
                 [
                     SNC_decorator=CGAL::SNC_decorator<CGAL::SNC_structure<K,CGAL::Default_items<K>::Items,bool>>
                 ]
                 C:\local\cgal-4.3\include\CGAL/Nef_polyhedron_3.h(1344) : while compiling class template member function 'CGAL::Nef_polyhedron_3<Kernel_> CGAL::Nef_polyhedron_3<Kernel_>::intersection(const CGAL::Nef_polyhedron_3<Kernel_> &) const'
                 with
                 [
                     Kernel_=K
                 ]
                 c:\users\administrator\documents\visual studio 2010\projects\vfracturer_mayav1.7\vfracturer_maya\vfracturer_maya\vfracturer\VClipper.h(19) : see reference to class template instantiation 'CGAL::Nef_polyhedron_3<Kernel_>' being compiled
                 with
                 [
                     Kernel_=K
                 ]
     1>c:\Program Files (x86)\Microsoft Visual Studio 10.0\VC\include\algorithm(1119): warning C4996: 'std::_Transform1': Function call with parameters that may be unsafe - this call relies on the caller to check that the passed values are correct. To disable this warning, use -D_SCL_SECURE_NO_WARNINGS. See documentation on how to use Visual C++ 'Checked Iterators'
                 c:\Program Files (x86)\Microsoft Visual Studio 10.0\VC\include\algorithm(1100) : see declaration of 'std::_Transform1'
                 C:\local\cgal-4.3\include\CGAL/Nef_3/polyhedron_3_to_nef_3.h(199) : see reference to function template instantiation '_OutIt std::transform<CGAL::internal::In_place_list_iterator<T,Alloc>,CGAL::Iterator_project<I,Fct>,CGAL::Facet_plane_3>(_InIt,_InIt,_OutIt,_Fn1)' being compiled
                 with
                 [
                     _OutIt=CGAL::Iterator_project<CGAL::internal::In_place_list_iterator<CGAL::HalfedgeDS_in_place_list_face<CGAL::I_Polyhedron_facet<CGAL::HalfedgeDS_face_base<CGAL::HalfedgeDS_list_types<CGAL::Cartesian<RT>,CGAL::I_Polyhedron_derived_items_3<CGAL::Polyhedron_items_3>,std::allocator<int>>,CGAL::Tag_true,CGAL::Plane_3<CGAL::Cartesian<RT>>>>>,std::allocator<CGAL::HalfedgeDS_in_place_list_face<CGAL::I_Polyhedron_facet<CGAL::HalfedgeDS_face_base<CGAL::HalfedgeDS_list_types<CGAL::Cartesian<RT>,CGAL::I_Polyhedron_derived_items_3<CGAL::Polyhedron_items_3>,std::allocator<int>>,CGAL::Tag_true,CGAL::Plane_3<CGAL::Cartesian<RT>>>>>>>,CGAL::Project_plane<CGAL::HalfedgeDS_in_place_list_face<CGAL::I_Polyhedron_facet<CGAL::HalfedgeDS_face_base<CGAL::HalfedgeDS_list_types<CGAL::Cartesian<RT>,CGAL::I_Polyhedron_derived_items_3<CGAL::Polyhedron_items_3>,std::allocator<int>>,CGAL::Tag_true,CGAL::Plane_3<CGAL::Cartesian<RT>>>>>>>,
                     T=CGAL::HalfedgeDS_in_place_list_face<CGAL::I_Polyhedron_facet<CGAL::HalfedgeDS_face_base<CGAL::HalfedgeDS_list_types<CGAL::Cartesian<RT>,CGAL::I_Polyhedron_derived_items_3<CGAL::Polyhedron_items_3>,std::allocator<int>>,CGAL::Tag_true,CGAL::Plane_3<CGAL::Cartesian<RT>>>>>,
                     Alloc=std::allocator<CGAL::HalfedgeDS_in_place_list_face<CGAL::I_Polyhedron_facet<CGAL::HalfedgeDS_face_base<CGAL::HalfedgeDS_list_types<CGAL::Cartesian<RT>,CGAL::I_Polyhedron_derived_items_3<CGAL::Polyhedron_items_3>,std::allocator<int>>,CGAL::Tag_true,CGAL::Plane_3<CGAL::Cartesian<RT>>>>>>,
                     I=CGAL::internal::In_place_list_iterator<CGAL::HalfedgeDS_in_place_list_face<CGAL::I_Polyhedron_facet<CGAL::HalfedgeDS_face_base<CGAL::HalfedgeDS_list_types<CGAL::Cartesian<RT>,CGAL::I_Polyhedron_derived_items_3<CGAL::Polyhedron_items_3>,std::allocator<int>>,CGAL::Tag_true,CGAL::Plane_3<CGAL::Cartesian<RT>>>>>,std::allocator<CGAL::HalfedgeDS_in_place_list_face<CGAL::I_Polyhedron_facet<CGAL::HalfedgeDS_face_base<CGAL::HalfedgeDS_list_types<CGAL::Cartesian<RT>,CGAL::I_Polyhedron_derived_items_3<CGAL::Polyhedron_items_3>,std::allocator<int>>,CGAL::Tag_true,CGAL::Plane_3<CGAL::Cartesian<RT>>>>>>>,
                     Fct=CGAL::Project_plane<CGAL::HalfedgeDS_in_place_list_face<CGAL::I_Polyhedron_facet<CGAL::HalfedgeDS_face_base<CGAL::HalfedgeDS_list_types<CGAL::Cartesian<RT>,CGAL::I_Polyhedron_derived_items_3<CGAL::Polyhedron_items_3>,std::allocator<int>>,CGAL::Tag_true,CGAL::Plane_3<CGAL::Cartesian<RT>>>>>>,
                     _InIt=CGAL::internal::In_place_list_iterator<CGAL::HalfedgeDS_in_place_list_face<CGAL::I_Polyhedron_facet<CGAL::HalfedgeDS_face_base<CGAL::HalfedgeDS_list_types<CGAL::Cartesian<RT>,CGAL::I_Polyhedron_derived_items_3<CGAL::Polyhedron_items_3>,std::allocator<int>>,CGAL::Tag_true,CGAL::Plane_3<CGAL::Cartesian<RT>>>>>,std::allocator<CGAL::HalfedgeDS_in_place_list_face<CGAL::I_Polyhedron_facet<CGAL::HalfedgeDS_face_base<CGAL::HalfedgeDS_list_types<CGAL::Cartesian<RT>,CGAL::I_Polyhedron_derived_items_3<CGAL::Polyhedron_items_3>,std::allocator<int>>,CGAL::Tag_true,CGAL::Plane_3<CGAL::Cartesian<RT>>>>>>>,
                     _Fn1=CGAL::Facet_plane_3
                 ]
                 C:\local\cgal-4.3\include\CGAL/Nef_polyhedron_3.h(567) : see reference to function template instantiation 'void CGAL::polyhedron_3_to_nef_3<CGAL::Polyhedron_3<PolyhedronTraits_3>,CGAL::SNC_structure<Kernel_,Items_,Mark_>>(Polyhedron_ &,SNC_structure &)' being compiled
                 with
                 [
                     PolyhedronTraits_3=K,
                     Kernel_=K,
                     Items_=CGAL::Default_items<K>::Items,
                     Mark_=bool,
                     Polyhedron_=CGAL::Polyhedron_3<K>,
                     SNC_structure=CGAL::SNC_structure<K,CGAL::Default_items<K>::Items,bool>
                 ]
                 VClipper.cpp(14) : see reference to function template instantiation 'CGAL::Nef_polyhedron_3<Kernel_>::Nef_polyhedron_3<K,CGAL::Polyhedron_items_3,CGAL::HalfedgeDS_default,std::allocator<_Ty>>(CGAL::Polyhedron_3<PolyhedronTraits_3> &)' being compiled
                 with
                 [
                     Kernel_=K,
                     _Ty=int,
                     PolyhedronTraits_3=K
                 ]
         SceneGraph.cpp
     1>c:\users\administrator\documents\visual studio 2010\projects\vfracturer_mayav1.7\vfracturer_maya\vfracturer_maya\glm\./core/func_common.hpp : warning C4819: The file contains a character that cannot be represented in the current code page (936). Save the file in Unicode format to prevent data loss
     1>c:\users\administrator\documents\visual studio 2010\projects\vfracturer_mayav1.7\vfracturer_maya\vfracturer_maya\glm\core\func_common.inl : warning C4819: The file contains a character that cannot be represented in the current code page (936). Save the file in Unicode format to prevent data loss
     1>c:\users\administrator\documents\visual studio 2010\projects\vfracturer_mayav1.7\vfracturer_maya\vfracturer_maya\glm\./core/func_integer.hpp : warning C4819: The file contains a character that cannot be represented in the current code page (936). Save the file in Unicode format to prevent data loss
         PluginMain.cpp
         VFracturerNode.cpp
     1>c:\users\administrator\documents\visual studio 2010\projects\vfracturer_mayav1.7\vfracturer_maya\vfracturer_maya\glm\./core/func_common.hpp : warning C4819: The file contains a character that cannot be represented in the current code page (936). Save the file in Unicode format to prevent data loss
     1>c:\users\administrator\documents\visual studio 2010\projects\vfracturer_mayav1.7\vfracturer_maya\vfracturer_maya\glm\core\func_common.inl : warning C4819: The file contains a character that cannot be represented in the current code page (936). Save the file in Unicode format to prevent data loss
     1>c:\users\administrator\documents\visual studio 2010\projects\vfracturer_mayav1.7\vfracturer_maya\vfracturer_maya\glm\./core/func_integer.hpp : warning C4819: The file contains a character that cannot be represented in the current code page (936). Save the file in Unicode format to prevent data loss
     1>c:\users\administrator\documents\visual studio 2010\projects\vfracturer_mayav1.7\vfracturer_maya\vfracturer_maya\vfracturer\Mesh.h(48): warning C4267: 'return' : conversion from 'size_t' to 'int', possible loss of data
     1>c:\users\administrator\documents\visual studio 2010\projects\vfracturer_mayav1.7\vfracturer_maya\vfracturer_maya\vfracturer\Mesh.h(52): warning C4267: 'return' : conversion from 'size_t' to 'int', possible loss of data
     1>c:\users\administrator\documents\visual studio 2010\projects\vfracturer_mayav1.7\vfracturer_maya\vfracturer_maya\vfracturer\Mesh.h(81): warning C4267: 'initializing' : conversion from 'size_t' to 'int', possible loss of data
     1>c:\users\administrator\documents\visual studio 2010\projects\vfracturer_mayav1.7\vfracturer_maya\vfracturer_maya\vfracturer\VConverter.h(56): warning C4244: 'argument' : conversion from 'double' to 'float', possible loss of data
     1>c:\users\administrator\documents\visual studio 2010\projects\vfracturer_mayav1.7\vfracturer_maya\vfracturer_maya\vfracturer\VConverter.h(56): warning C4244: 'argument' : conversion from 'double' to 'float', possible loss of data
     1>c:\users\administrator\documents\visual studio 2010\projects\vfracturer_mayav1.7\vfracturer_maya\vfracturer_maya\vfracturer\VConverter.h(56): warning C4244: 'argument' : conversion from 'double' to 'float', possible loss of data
     1>c:\users\administrator\documents\visual studio 2010\projects\vfracturer_mayav1.7\vfracturer_maya\vfracturer_maya\vfracturer\VConverter.h(69): warning C4244: '=' : conversion from '__int64' to 'int', possible loss of data
     1>c:\users\administrator\documents\visual studio 2010\projects\vfracturer_mayav1.7\vfracturer_maya\vfracturer_maya\vfracturer\VConverter.h(86): warning C4018: '<' : signed/unsigned mismatch
     1>c:\users\administrator\documents\visual studio 2010\projects\vfracturer_mayav1.7\vfracturer_maya\vfracturer_maya\vfracturer\VConverter.h(89): warning C4244: 'argument' : conversion from 'double' to 'float', possible loss of data
     1>c:\users\administrator\documents\visual studio 2010\projects\vfracturer_mayav1.7\vfracturer_maya\vfracturer_maya\vfracturer\VConverter.h(89): warning C4244: 'argument' : conversion from 'double' to 'float', possible loss of data
     1>c:\users\administrator\documents\visual studio 2010\projects\vfracturer_mayav1.7\vfracturer_maya\vfracturer_maya\vfracturer\VConverter.h(89): warning C4244: 'argument' : conversion from 'double' to 'float', possible loss of data
     1>c:\users\administrator\documents\visual studio 2010\projects\vfracturer_mayav1.7\vfracturer_maya\vfracturer_maya\vfracturer\VConverter.h(101): warning C4018: '<' : signed/unsigned mismatch
     1>c:\users\administrator\documents\visual studio 2010\projects\vfracturer_mayav1.7\vfracturer_maya\vfracturer_maya\vfracturer\VConverter.h(93): warning C4101: 'index' : unreferenced local variable
     1>VFracturerNode.cpp(329): warning C4244: '=' : conversion from 'double' to 'float', possible loss of data
     1>VFracturerNode.cpp(329): warning C4244: '=' : conversion from 'double' to 'float', possible loss of data
     1>VFracturerNode.cpp(329): warning C4244: '=' : conversion from 'double' to 'float', possible loss of data
     1>VFracturerNode.cpp(343): warning C4267: 'initializing' : conversion from 'size_t' to 'int', possible loss of data
         Generating Code...
       Link:
         c:\Program Files (x86)\Microsoft Visual Studio 10.0\VC\bin\x86_amd64\link.exe /ERRORREPORT:PROMPT /OUT:"C:\Users\Administrator\Documents\Visual Studio 2010\Projects\VFracturer_mayaV1.7\VFracturer_maya\VFracturer_maya\x64\Debug\VFracturer.mll" /INCREMENTAL:NO /NOLOGO /LIBPATH:"C:\Program Files\Autodesk\Maya2012\lib" /LIBPATH:"C:/local/cgal-4.3/build/lib" /LIBPATH:"C:/local/cgal-4.3/build/lib/Debug" /LIBPATH:"C:/local/boost_1_55_0/lib64-msvc-10.0" /LIBPATH:"C:/local/boost_1_55_0/lib32-msvc-10.0/Debug" /LIBPATH:../freeglut/lib odbc32.lib odbccp32.lib Foundation.lib OpenMaya.lib vorodll.lib kernel32.lib user32.lib gdi32.lib winspool.lib shell32.lib ole32.lib oleaut32.lib uuid.lib comdlg32.lib advapi32.lib "C:\local\cgal-4.3\auxiliary\gmp\lib\libmpfr-4.lib" "C:\local\cgal-4.3\auxiliary\gmp\lib\libgmp-10.lib" /MANIFEST /ManifestFile:"x64\Debug\VFracturer.mll.intermediate.manifest" /MANIFESTUAC:"level='asInvoker' uiAccess='false'" /DEBUG /PDB:"C:\Users\Administrator\Documents\Visual Studio 2010\Projects\VFracturer_mayaV1.7\VFracturer_maya\VFracturer_maya\x64\Debug\VFracturer.pdb" /TLBID:1 /DYNAMICBASE /NXCOMPAT /IMPLIB:"C:\Users\Administrator\Documents\Visual Studio 2010\Projects\VFracturer_mayaV1.7\VFracturer_maya\VFracturer_maya\x64\Debug\VFracturer.lib" /MACHINE:X64 /DLL x64\Debug\VFracturerNode.obj
         x64\Debug\PluginMain.obj
         x64\Debug\SceneGraph.obj
         x64\Debug\VClipper.obj
         x64\Debug\VOperations.obj /export:initializePlugin /export:uninitializePlugin  
            Creating library C:\Users\Administrator\Documents\Visual Studio 2010\Projects\VFracturer_mayaV1.7\VFracturer_maya\VFracturer_maya\x64\Debug\VFracturer.lib and object C:\Users\Administrator\Documents\Visual Studio 2010\Projects\VFracturer_mayaV1.7\VFracturer_maya\VFracturer_maya\x64\Debug\VFracturer.exp
         VFracturer.vcxproj -> C:\Users\Administrator\Documents\Visual Studio 2010\Projects\VFracturer_mayaV1.7\VFracturer_maya\VFracturer_maya\x64\Debug\VFracturer.mll
       Manifest:
         C:\Program Files (x86)\Microsoft SDKs\Windows\v7.0A\bin\mt.exe /nologo /verbose /outputresource:"C:\Users\Administrator\Documents\Visual Studio 2010\Projects\VFracturer_mayaV1.7\VFracturer_maya\VFracturer_maya\x64\Debug\VFracturer.mll;#2" /manifest x64\Debug\VFracturer.mll.intermediate.manifest
       FinalizeBuildStatus:
         Deleting file "x64\Debug\VFracturer.unsuccessfulbuild".
         Touching "x64\Debug\VFracturer.lastbuildstate".
     1>Done Building Project "C:\Users\Administrator\Documents\Visual Studio 2010\Projects\VFracturer_mayaV1.7\VFracturer_maya\VFracturer_maya\VFracturer\VFracturer.vcxproj" (rebuild target(s)).

Build succeeded.

Time Elapsed 00:00:37.84
