C:\USERS\ZHEN GOU\DOCUMENTS\VISUAL STUDIO 2010\PROJECTS\VFRACTURER_MAYA\VFRACTURER\X64\RELEASE\PLUGINMAIN.OBJ
C:\USERS\ZHEN GOU\DOCUMENTS\VISUAL STUDIO 2010\PROJECTS\VFRACTURER_MAYA\VFRACTURER\X64\RELEASE\SCENEGRAPH.OBJ
C:\USERS\ZHEN GOU\DOCUMENTS\VISUAL STUDIO 2010\PROJECTS\VFRACTURER_MAYA\VFRACTURER\X64\RELEASE\VC100.PDB
C:\USERS\ZHEN GOU\DOCUMENTS\VISUAL STUDIO 2010\PROJECTS\VFRACTURER_MAYA\VFRACTURER\X64\RELEASE\VCLIPPER.OBJ
C:\USERS\ZHEN GOU\DOCUMENTS\VISUAL STUDIO 2010\PROJECTS\VFRACTURER_MAYA\VFRACTURER\X64\RELEASE\VFRACTURER.MLL.INTERMEDIATE.MANIFEST
C:\USERS\ZHEN GOU\DOCUMENTS\VISUAL STUDIO 2010\PROJECTS\VFRACTURER_MAYA\VFRACTURER\X64\RELEASE\VFRACTURERNODE.OBJ
C:\USERS\ZHEN GOU\DOCUMENTS\VISUAL STUDIO 2010\PROJECTS\VFRACTURER_MAYA\VFRACTURER\X64\RELEASE\VOPERATIONS.OBJ
C:\Users\Zhen Gou\Documents\Visual Studio 2010\Projects\VFracturer_maya\x64\Release\VFracturer.exp
C:\Users\Zhen Gou\Documents\Visual Studio 2010\Projects\VFracturer_maya\x64\Release\VFracturer.lib
C:\USERS\ZHEN GOU\DOCUMENTS\VISUAL STUDIO 2010\PROJECTS\VFRACTURER_MAYA\X64\RELEASE\VFRACTURER.MLL
C:\USERS\ZHEN GOU\DOCUMENTS\VISUAL STUDIO 2010\PROJECTS\VFRACTURER_MAYA\X64\RELEASE\VFRACTURER.PDB
C:\Users\Zhen Gou\Documents\Visual Studio 2010\Projects\VFracturer_maya_release V1.0\VFracturer\x64\Release\cl.command.1.tlog
C:\Users\Zhen Gou\Documents\Visual Studio 2010\Projects\VFracturer_maya_release V1.0\VFracturer\x64\Release\CL.read.1.tlog
C:\Users\Zhen Gou\Documents\Visual Studio 2010\Projects\VFracturer_maya_release V1.0\VFracturer\x64\Release\CL.write.1.tlog
C:\Users\Zhen Gou\Documents\Visual Studio 2010\Projects\VFracturer_maya_release V1.0\VFracturer\x64\Release\link.command.1.tlog
C:\Users\Zhen Gou\Documents\Visual Studio 2010\Projects\VFracturer_maya_release V1.0\VFracturer\x64\Release\link.read.1.tlog
C:\Users\Zhen Gou\Documents\Visual Studio 2010\Projects\VFracturer_maya_release V1.0\VFracturer\x64\Release\link.write.1.tlog
C:\Users\Zhen Gou\Documents\Visual Studio 2010\Projects\VFracturer_maya_release V1.0\VFracturer\x64\Release\mt.command.1.tlog
C:\Users\Zhen Gou\Documents\Visual Studio 2010\Projects\VFracturer_maya_release V1.0\VFracturer\x64\Release\mt.read.1.tlog
C:\Users\Zhen Gou\Documents\Visual Studio 2010\Projects\VFracturer_maya_release V1.0\VFracturer\x64\Release\mt.write.1.tlog
C:\Users\Zhen Gou\Documents\Visual Studio 2010\Projects\VFracturer_maya_release V1.0\VFracturer\x64\Release\PluginMain.obj
C:\Users\Zhen Gou\Documents\Visual Studio 2010\Projects\VFracturer_maya_release V1.0\VFracturer\x64\Release\SceneGraph.obj
C:\Users\Zhen Gou\Documents\Visual Studio 2010\Projects\VFracturer_maya_release V1.0\VFracturer\x64\Release\vc100.pdb
C:\Users\Zhen Gou\Documents\Visual Studio 2010\Projects\VFracturer_maya_release V1.0\VFracturer\x64\Release\VClipper.obj
C:\Users\Zhen Gou\Documents\Visual Studio 2010\Projects\VFracturer_maya_release V1.0\VFracturer\x64\Release\VFracturer.mll.intermediate.manifest
C:\Users\Zhen Gou\Documents\Visual Studio 2010\Projects\VFracturer_maya_release V1.0\VFracturer\x64\Release\VFracturer.write.1.tlog
C:\Users\Zhen Gou\Documents\Visual Studio 2010\Projects\VFracturer_maya_release V1.0\VFracturer\x64\Release\VFracturerNode.obj
C:\Users\Zhen Gou\Documents\Visual Studio 2010\Projects\VFracturer_maya_release V1.0\VFracturer\x64\Release\VOperations.obj
C:\Users\Zhen Gou\Documents\Visual Studio 2010\Projects\VFracturer_maya_release V1.0\x64\Release\VFracturer.mll
C:\Users\Zhen Gou\Documents\Visual Studio 2010\Projects\VFracturer_maya_release V1.0\x64\Release\VFracturer.pdb
